#include <zephyr/drivers/adc.h>
#include <zephyr/drivers/atomic_c.h>
#include <zephyr/drivers/auxdisplay.h>
#include <zephyr/drivers/bbram.h>
#include <zephyr/drivers/usb_bc12.h>
#include <zephyr/drivers/can.h>
#include <zephyr/drivers/charger.h>
#include <zephyr/drivers/counter.h>
#include <zephyr/drivers/dac.h>
#include <zephyr/drivers/device.h>
#include <zephyr/drivers/devmux.h>
#include <zephyr/drivers/dma.h>
#include <zephyr/drivers/eeprom.h>
#include <zephyr/drivers/emul_fuel_gauge.h>
#include <zephyr/drivers/entropy.h>
#include <zephyr/drivers/espi.h>
#include <zephyr/drivers/espi_saf.h>
#include <zephyr/drivers/flash.h>
#include <zephyr/drivers/flash_simulator.h>
#include <zephyr/drivers/fuel_gauge.h>
#include <zephyr/drivers/gnss.h>
#include <zephyr/drivers/gpio.h>
#include <zephyr/drivers/hwinfo.h>
#include <zephyr/drivers/hwspinlock.h>
#include <zephyr/drivers/i2c.h>
#include <zephyr/drivers/i2s.h>
#include <zephyr/drivers/i3c.h>
#include <zephyr/drivers/ipm.h>
#include <zephyr/drivers/ivshmem.h>
#include <zephyr/drivers/kscan.h>
#include <zephyr/drivers/kernel.h>
#include <zephyr/drivers/demand_paging.h>
#include <zephyr/drivers/kobject.h>
#include <zephyr/drivers/led.h>
#include <zephyr/drivers/log_ctrl.h>
#include <zephyr/drivers/maxim_ds3231.h>
#include <zephyr/drivers/mbox.h>
#include <zephyr/drivers/mdio.h>
#include <zephyr/drivers/net_ip.h>
#include <zephyr/drivers/ethernet.h>
#include <zephyr/drivers/net_if.h>
#include <zephyr/drivers/socket_service.h>
#include <zephyr/drivers/nrf_qspi_nor.h>
#include <zephyr/drivers/peci.h>
#include <zephyr/drivers/ps2.h>
#include <zephyr/drivers/ptp_clock.h>
#include <zephyr/drivers/pwm.h>
#include <zephyr/drivers/reset.h>
#include <zephyr/drivers/retained_mem.h>
#include <zephyr/drivers/rtc.h>
#include <zephyr/drivers/rtio.h>
#include <zephyr/drivers/sdhc.h>
#include <zephyr/drivers/sensor.h>
#include <zephyr/drivers/sip_svc_driver.h>
#include <zephyr/drivers/smbus.h>
#include <zephyr/drivers/spi.h>
#include <zephyr/drivers/syscon.h>
#include <zephyr/drivers/cache.h>
#include <zephyr/drivers/time_units.h>
#include <zephyr/drivers/random.h>
#include <zephyr/drivers/timeaware_gpio.h>
#include <zephyr/drivers/uart.h>
#include <zephyr/drivers/uart_mux.h>
#include <zephyr/drivers/updatehub.h>
#include <zephyr/drivers/error.h>
#include <zephyr/drivers/w1.h>
#include <zephyr/drivers/watchdog.h>
#include <zephyr/drivers/arch.h>
#include <zephyr/drivers/libc-hooks.h>
#include <zephyr/drivers/socket.h>
#include <zephyr/drivers/socket_select.h>
#include <zephyr/drivers/errno_private.h>
#include <zephyr/drivers/log_msg.h>
#include <zephyr/drivers/mutex.h>
#include <zephyr/drivers/posix_clock.h>