	NSYMBOL (                    SYS_adc_channel_setup,                          wazi_syscall_adc_channel_setup,      "(ii)i" ),
	NSYMBOL (                             SYS_adc_read,                                   wazi_syscall_adc_read,      "(ii)i" ),
	NSYMBOL (                       SYS_adc_read_async,                             wazi_syscall_adc_read_async,     "(iii)i" ),
	NSYMBOL (                           SYS_atomic_add,                                 wazi_syscall_atomic_add,      "(ii)i" ),
	NSYMBOL (                           SYS_atomic_and,                                 wazi_syscall_atomic_and,      "(ii)i" ),
	NSYMBOL (                           SYS_atomic_cas,                                 wazi_syscall_atomic_cas,     "(iii)i" ),
	NSYMBOL (                          SYS_atomic_nand,                                wazi_syscall_atomic_nand,      "(ii)i" ),
	NSYMBOL (                            SYS_atomic_or,                                  wazi_syscall_atomic_or,      "(ii)i" ),
	NSYMBOL (                       SYS_atomic_ptr_cas,                             wazi_syscall_atomic_ptr_cas,     "(iii)i" ),
	NSYMBOL (                       SYS_atomic_ptr_set,                             wazi_syscall_atomic_ptr_set,      "(ii)i" ),
	NSYMBOL (                           SYS_atomic_set,                                 wazi_syscall_atomic_set,      "(ii)i" ),
	NSYMBOL (                           SYS_atomic_sub,                                 wazi_syscall_atomic_sub,      "(ii)i" ),
	NSYMBOL (                           SYS_atomic_xor,                                 wazi_syscall_atomic_xor,      "(ii)i" ),
	NSYMBOL (             SYS_auxdisplay_backlight_get,                   wazi_syscall_auxdisplay_backlight_get,      "(ii)i" ),
	NSYMBOL (             SYS_auxdisplay_backlight_set,                   wazi_syscall_auxdisplay_backlight_set,      "(ii)i" ),
	NSYMBOL (            SYS_auxdisplay_brightness_get,                  wazi_syscall_auxdisplay_brightness_get,      "(ii)i" ),
	NSYMBOL (            SYS_auxdisplay_brightness_set,                  wazi_syscall_auxdisplay_brightness_set,      "(ii)i" ),
	NSYMBOL (          SYS_auxdisplay_capabilities_get,                wazi_syscall_auxdisplay_capabilities_get,      "(ii)i" ),
	NSYMBOL (                     SYS_auxdisplay_clear,                           wazi_syscall_auxdisplay_clear,       "(i)i" ),
	NSYMBOL (       SYS_auxdisplay_cursor_position_get,             wazi_syscall_auxdisplay_cursor_position_get,     "(iii)i" ),
	NSYMBOL (       SYS_auxdisplay_cursor_position_set,             wazi_syscall_auxdisplay_cursor_position_set,    "(iiii)i" ),
	NSYMBOL (        SYS_auxdisplay_cursor_set_enabled,              wazi_syscall_auxdisplay_cursor_set_enabled,      "(ii)i" ),
	NSYMBOL (          SYS_auxdisplay_cursor_shift_set,                wazi_syscall_auxdisplay_cursor_shift_set,     "(iii)i" ),
	NSYMBOL (      SYS_auxdisplay_custom_character_set,            wazi_syscall_auxdisplay_custom_character_set,      "(ii)i" ),
	NSYMBOL (            SYS_auxdisplay_custom_command,                  wazi_syscall_auxdisplay_custom_command,      "(ii)i" ),
	NSYMBOL (               SYS_auxdisplay_display_off,                     wazi_syscall_auxdisplay_display_off,       "(i)i" ),
	NSYMBOL (                SYS_auxdisplay_display_on,                      wazi_syscall_auxdisplay_display_on,       "(i)i" ),
	NSYMBOL (      SYS_auxdisplay_display_position_get,            wazi_syscall_auxdisplay_display_position_get,     "(iii)i" ),
	NSYMBOL (      SYS_auxdisplay_display_position_set,            wazi_syscall_auxdisplay_display_position_set,    "(iiii)i" ),
	NSYMBOL (                   SYS_auxdisplay_is_busy,                         wazi_syscall_auxdisplay_is_busy,       "(i)i" ),
	NSYMBOL ( SYS_auxdisplay_position_blinking_set_enabled,   wazi_syscall_auxdisplay_position_blinking_set_enabled,      "(ii)i" ),
	NSYMBOL (                     SYS_auxdisplay_write,                           wazi_syscall_auxdisplay_write,     "(iii)i" ),
	NSYMBOL (                  SYS_bbram_check_invalid,                        wazi_syscall_bbram_check_invalid,       "(i)i" ),
	NSYMBOL (                    SYS_bbram_check_power,                          wazi_syscall_bbram_check_power,       "(i)i" ),
	NSYMBOL (            SYS_bbram_check_standby_power,                  wazi_syscall_bbram_check_standby_power,       "(i)i" ),
	NSYMBOL (                       SYS_bbram_get_size,                             wazi_syscall_bbram_get_size,      "(ii)i" ),
	NSYMBOL (                           SYS_bbram_read,                                 wazi_syscall_bbram_read,    "(iiii)i" ),
	NSYMBOL (                          SYS_bbram_write,                                wazi_syscall_bbram_write,    "(iiii)i" ),
	NSYMBOL (                   SYS_bc12_set_result_cb,                         wazi_syscall_bc12_set_result_cb,     "(iii)i" ),
	NSYMBOL (                        SYS_bc12_set_role,                              wazi_syscall_bc12_set_role,      "(ii)i" ),
	NSYMBOL (               SYS_can_add_rx_filter_msgq,                     wazi_syscall_can_add_rx_filter_msgq,     "(iii)i" ),
	NSYMBOL (                      SYS_can_calc_timing,                            wazi_syscall_can_calc_timing,    "(iiii)i" ),
	NSYMBOL (                 SYS_can_calc_timing_data,                       wazi_syscall_can_calc_timing_data,    "(iiii)i" ),
	NSYMBOL (                 SYS_can_get_capabilities,                       wazi_syscall_can_get_capabilities,      "(ii)i" ),
	NSYMBOL (                   SYS_can_get_core_clock,                         wazi_syscall_can_get_core_clock,      "(ii)i" ),
	NSYMBOL (                  SYS_can_get_max_bitrate,                        wazi_syscall_can_get_max_bitrate,      "(ii)i" ),
	NSYMBOL (                  SYS_can_get_max_filters,                        wazi_syscall_can_get_max_filters,      "(ii)i" ),
	NSYMBOL (                         SYS_can_get_mode,                               wazi_syscall_can_get_mode,       "(i)i" ),
	NSYMBOL (                        SYS_can_get_state,                              wazi_syscall_can_get_state,     "(iii)i" ),
	NSYMBOL (              SYS_can_get_timing_data_max,                    wazi_syscall_can_get_timing_data_max,       "(i)i" ),
	NSYMBOL (              SYS_can_get_timing_data_min,                    wazi_syscall_can_get_timing_data_min,       "(i)i" ),
	NSYMBOL (                   SYS_can_get_timing_max,                         wazi_syscall_can_get_timing_max,       "(i)i" ),
	NSYMBOL (                   SYS_can_get_timing_min,                         wazi_syscall_can_get_timing_min,       "(i)i" ),
	NSYMBOL (                  SYS_can_get_transceiver,                        wazi_syscall_can_get_transceiver,       "(i)i" ),
	NSYMBOL (                          SYS_can_recover,                                wazi_syscall_can_recover,      "(ii)i" ),
	NSYMBOL (                 SYS_can_remove_rx_filter,                       wazi_syscall_can_remove_rx_filter,       "(ii)" ),
	NSYMBOL (                             SYS_can_send,                                   wazi_syscall_can_send,   "(iiiii)i" ),
	NSYMBOL (                      SYS_can_set_bitrate,                            wazi_syscall_can_set_bitrate,      "(ii)i" ),
	NSYMBOL (                 SYS_can_set_bitrate_data,                       wazi_syscall_can_set_bitrate_data,      "(ii)i" ),
	NSYMBOL (                         SYS_can_set_mode,                               wazi_syscall_can_set_mode,      "(ii)i" ),
	NSYMBOL (                       SYS_can_set_timing,                             wazi_syscall_can_set_timing,      "(ii)i" ),
	NSYMBOL (                  SYS_can_set_timing_data,                        wazi_syscall_can_set_timing_data,      "(ii)i" ),
	NSYMBOL (                            SYS_can_start,                                  wazi_syscall_can_start,       "(i)i" ),
	NSYMBOL (             SYS_can_stats_get_ack_errors,                   wazi_syscall_can_stats_get_ack_errors,       "(i)i" ),
	NSYMBOL (            SYS_can_stats_get_bit0_errors,                  wazi_syscall_can_stats_get_bit0_errors,       "(i)i" ),
	NSYMBOL (            SYS_can_stats_get_bit1_errors,                  wazi_syscall_can_stats_get_bit1_errors,       "(i)i" ),
	NSYMBOL (             SYS_can_stats_get_bit_errors,                   wazi_syscall_can_stats_get_bit_errors,       "(i)i" ),
	NSYMBOL (             SYS_can_stats_get_crc_errors,                   wazi_syscall_can_stats_get_crc_errors,       "(i)i" ),
	NSYMBOL (            SYS_can_stats_get_form_errors,                  wazi_syscall_can_stats_get_form_errors,       "(i)i" ),
	NSYMBOL (            SYS_can_stats_get_rx_overruns,                  wazi_syscall_can_stats_get_rx_overruns,       "(i)i" ),
	NSYMBOL (           SYS_can_stats_get_stuff_errors,                 wazi_syscall_can_stats_get_stuff_errors,       "(i)i" ),
	NSYMBOL (                             SYS_can_stop,                                   wazi_syscall_can_stop,       "(i)i" ),
	NSYMBOL (                SYS_charger_charge_enable,                      wazi_syscall_charger_charge_enable,      "(ii)i" ),
	NSYMBOL (                     SYS_charger_get_prop,                           wazi_syscall_charger_get_prop,     "(iii)i" ),
	NSYMBOL (                     SYS_charger_set_prop,                           wazi_syscall_charger_set_prop,     "(iii)i" ),
	NSYMBOL (         SYS_counter_cancel_channel_alarm,               wazi_syscall_counter_cancel_channel_alarm,      "(ii)i" ),
	NSYMBOL (                SYS_counter_get_frequency,                      wazi_syscall_counter_get_frequency,       "(i)i" ),
	NSYMBOL (             SYS_counter_get_guard_period,                   wazi_syscall_counter_get_guard_period,      "(ii)i" ),
	NSYMBOL (            SYS_counter_get_max_top_value,                  wazi_syscall_counter_get_max_top_value,       "(i)i" ),
	NSYMBOL (          SYS_counter_get_num_of_channels,                wazi_syscall_counter_get_num_of_channels,       "(i)i" ),
	NSYMBOL (              SYS_counter_get_pending_int,                    wazi_syscall_counter_get_pending_int,       "(i)i" ),
	NSYMBOL (                SYS_counter_get_top_value,                      wazi_syscall_counter_get_top_value,       "(i)i" ),
	NSYMBOL (                    SYS_counter_get_value,                          wazi_syscall_counter_get_value,      "(ii)i" ),
	NSYMBOL (                 SYS_counter_get_value_64,                       wazi_syscall_counter_get_value_64,      "(ii)i" ),
	NSYMBOL (               SYS_counter_is_counting_up,                     wazi_syscall_counter_is_counting_up,       "(i)i" ),
	NSYMBOL (            SYS_counter_set_channel_alarm,                  wazi_syscall_counter_set_channel_alarm,     "(iii)i" ),
	NSYMBOL (             SYS_counter_set_guard_period,                   wazi_syscall_counter_set_guard_period,     "(iii)i" ),
	NSYMBOL (                SYS_counter_set_top_value,                      wazi_syscall_counter_set_top_value,      "(ii)i" ),
	NSYMBOL (                        SYS_counter_start,                              wazi_syscall_counter_start,       "(i)i" ),
	NSYMBOL (                         SYS_counter_stop,                               wazi_syscall_counter_stop,       "(i)i" ),
	NSYMBOL (                  SYS_counter_ticks_to_us,                        wazi_syscall_counter_ticks_to_us,      "(ii)I" ),
	NSYMBOL (                  SYS_counter_us_to_ticks,                        wazi_syscall_counter_us_to_ticks,      "(iI)i" ),
	NSYMBOL (                    SYS_dac_channel_setup,                          wazi_syscall_dac_channel_setup,      "(ii)i" ),
	NSYMBOL (                      SYS_dac_write_value,                            wazi_syscall_dac_write_value,     "(iii)i" ),
	NSYMBOL (                   SYS_device_get_binding,                         wazi_syscall_device_get_binding,       "(i)i" ),
	NSYMBOL (                      SYS_device_is_ready,                            wazi_syscall_device_is_ready,       "(i)i" ),
	NSYMBOL (                    SYS_devmux_select_get,                          wazi_syscall_devmux_select_get,       "(i)i" ),
	NSYMBOL (                    SYS_devmux_select_set,                          wazi_syscall_devmux_select_set,      "(ii)i" ),
	NSYMBOL (                      SYS_dma_chan_filter,                            wazi_syscall_dma_chan_filter,     "(iii)i" ),
	NSYMBOL (                  SYS_dma_release_channel,                        wazi_syscall_dma_release_channel,       "(ii)" ),
	NSYMBOL (                  SYS_dma_request_channel,                        wazi_syscall_dma_request_channel,      "(ii)i" ),
	NSYMBOL (                           SYS_dma_resume,                                 wazi_syscall_dma_resume,      "(ii)i" ),
	NSYMBOL (                            SYS_dma_start,                                  wazi_syscall_dma_start,      "(ii)i" ),
	NSYMBOL (                             SYS_dma_stop,                                   wazi_syscall_dma_stop,      "(ii)i" ),
	NSYMBOL (                          SYS_dma_suspend,                                wazi_syscall_dma_suspend,      "(ii)i" ),
	NSYMBOL (                      SYS_eeprom_get_size,                            wazi_syscall_eeprom_get_size,       "(i)i" ),
	NSYMBOL (                          SYS_eeprom_read,                                wazi_syscall_eeprom_read,    "(iiii)i" ),
	NSYMBOL (                         SYS_eeprom_write,                               wazi_syscall_eeprom_write,    "(iiii)i" ),
	NSYMBOL (    SYS_emul_fuel_gauge_is_battery_cutoff,          wazi_syscall_emul_fuel_gauge_is_battery_cutoff,      "(ii)i" ),
	NSYMBOL ( SYS_emul_fuel_gauge_set_battery_charging,       wazi_syscall_emul_fuel_gauge_set_battery_charging,     "(iii)i" ),
	NSYMBOL (                  SYS_entropy_get_entropy,                        wazi_syscall_entropy_get_entropy,     "(iii)i" ),
	NSYMBOL (                          SYS_espi_config,                                wazi_syscall_espi_config,      "(ii)i" ),
	NSYMBOL (                     SYS_espi_flash_erase,                           wazi_syscall_espi_flash_erase,      "(ii)i" ),
	NSYMBOL (              SYS_espi_get_channel_status,                    wazi_syscall_espi_get_channel_status,      "(ii)i" ),
	NSYMBOL (                      SYS_espi_read_flash,                            wazi_syscall_espi_read_flash,      "(ii)i" ),
	NSYMBOL (                SYS_espi_read_lpc_request,                      wazi_syscall_espi_read_lpc_request,     "(iii)i" ),
	NSYMBOL (                    SYS_espi_read_request,                          wazi_syscall_espi_read_request,      "(ii)i" ),
	NSYMBOL (                     SYS_espi_receive_oob,                           wazi_syscall_espi_receive_oob,      "(ii)i" ),
	NSYMBOL (                   SYS_espi_receive_vwire,                         wazi_syscall_espi_receive_vwire,     "(iii)i" ),
	NSYMBOL (                    SYS_espi_saf_activate,                          wazi_syscall_espi_saf_activate,       "(i)i" ),
	NSYMBOL (                      SYS_espi_saf_config,                            wazi_syscall_espi_saf_config,      "(ii)i" ),
	NSYMBOL (                 SYS_espi_saf_flash_erase,                       wazi_syscall_espi_saf_flash_erase,      "(ii)i" ),
	NSYMBOL (                  SYS_espi_saf_flash_read,                        wazi_syscall_espi_saf_flash_read,      "(ii)i" ),
	NSYMBOL (             SYS_espi_saf_flash_unsuccess,                   wazi_syscall_espi_saf_flash_unsuccess,      "(ii)i" ),
	NSYMBOL (                 SYS_espi_saf_flash_write,                       wazi_syscall_espi_saf_flash_write,      "(ii)i" ),
	NSYMBOL (          SYS_espi_saf_get_channel_status,                wazi_syscall_espi_saf_get_channel_status,       "(i)i" ),
	NSYMBOL (      SYS_espi_saf_set_protection_regions,            wazi_syscall_espi_saf_set_protection_regions,      "(ii)i" ),
	NSYMBOL (                        SYS_espi_send_oob,                              wazi_syscall_espi_send_oob,      "(ii)i" ),
	NSYMBOL (                      SYS_espi_send_vwire,                            wazi_syscall_espi_send_vwire,     "(iii)i" ),
	NSYMBOL (                     SYS_espi_write_flash,                           wazi_syscall_espi_write_flash,      "(ii)i" ),
	NSYMBOL (               SYS_espi_write_lpc_request,                     wazi_syscall_espi_write_lpc_request,     "(iii)i" ),
	NSYMBOL (                   SYS_espi_write_request,                         wazi_syscall_espi_write_request,      "(ii)i" ),
	NSYMBOL (                          SYS_flash_erase,                                wazi_syscall_flash_erase,     "(iii)i" ),
	NSYMBOL (                          SYS_flash_ex_op,                                wazi_syscall_flash_ex_op,    "(iiii)i" ),
	NSYMBOL (                 SYS_flash_get_page_count,                       wazi_syscall_flash_get_page_count,       "(i)i" ),
	NSYMBOL (           SYS_flash_get_page_info_by_idx,                 wazi_syscall_flash_get_page_info_by_idx,     "(iii)i" ),
	NSYMBOL (          SYS_flash_get_page_info_by_offs,                wazi_syscall_flash_get_page_info_by_offs,     "(iii)i" ),
	NSYMBOL (                 SYS_flash_get_parameters,                       wazi_syscall_flash_get_parameters,       "(i)i" ),
	NSYMBOL (           SYS_flash_get_write_block_size,                 wazi_syscall_flash_get_write_block_size,       "(i)i" ),
	NSYMBOL (                           SYS_flash_read,                                 wazi_syscall_flash_read,    "(iiii)i" ),
	NSYMBOL (                  SYS_flash_read_jedec_id,                        wazi_syscall_flash_read_jedec_id,      "(ii)i" ),
	NSYMBOL (                      SYS_flash_sfdp_read,                            wazi_syscall_flash_sfdp_read,    "(iiii)i" ),
	NSYMBOL (           SYS_flash_simulator_get_memory,                 wazi_syscall_flash_simulator_get_memory,      "(ii)i" ),
	NSYMBOL (                          SYS_flash_write,                                wazi_syscall_flash_write,    "(iiii)i" ),
	NSYMBOL (            SYS_fuel_gauge_battery_cutoff,                  wazi_syscall_fuel_gauge_battery_cutoff,       "(i)i" ),
	NSYMBOL (           SYS_fuel_gauge_get_buffer_prop,                 wazi_syscall_fuel_gauge_get_buffer_prop,    "(iiii)i" ),
	NSYMBOL (                  SYS_fuel_gauge_get_prop,                        wazi_syscall_fuel_gauge_get_prop,     "(iii)i" ),
	NSYMBOL (                 SYS_fuel_gauge_get_props,                       wazi_syscall_fuel_gauge_get_props,    "(iiii)i" ),
	NSYMBOL (                  SYS_fuel_gauge_set_prop,                        wazi_syscall_fuel_gauge_set_prop,     "(iii)i" ),
	NSYMBOL (                 SYS_fuel_gauge_set_props,                       wazi_syscall_fuel_gauge_set_props,    "(iiii)i" ),
	NSYMBOL (             SYS_gnss_get_enabled_systems,                   wazi_syscall_gnss_get_enabled_systems,      "(ii)i" ),
	NSYMBOL (                    SYS_gnss_get_fix_rate,                          wazi_syscall_gnss_get_fix_rate,      "(ii)i" ),
	NSYMBOL (             SYS_gnss_get_navigation_mode,                   wazi_syscall_gnss_get_navigation_mode,      "(ii)i" ),
	NSYMBOL (             SYS_gnss_get_periodic_config,                   wazi_syscall_gnss_get_periodic_config,      "(ii)i" ),
	NSYMBOL (           SYS_gnss_get_supported_systems,                 wazi_syscall_gnss_get_supported_systems,      "(ii)i" ),
	NSYMBOL (             SYS_gnss_set_enabled_systems,                   wazi_syscall_gnss_set_enabled_systems,      "(ii)i" ),
	NSYMBOL (                    SYS_gnss_set_fix_rate,                          wazi_syscall_gnss_set_fix_rate,      "(ii)i" ),
	NSYMBOL (             SYS_gnss_set_navigation_mode,                   wazi_syscall_gnss_set_navigation_mode,      "(ii)i" ),
	NSYMBOL (             SYS_gnss_set_periodic_config,                   wazi_syscall_gnss_set_periodic_config,      "(ii)i" ),
	NSYMBOL (                 SYS_gpio_get_pending_int,                       wazi_syscall_gpio_get_pending_int,       "(i)i" ),
	NSYMBOL (                   SYS_gpio_pin_configure,                         wazi_syscall_gpio_pin_configure,     "(iii)i" ),
	NSYMBOL (                  SYS_gpio_pin_get_config,                        wazi_syscall_gpio_pin_get_config,     "(iii)i" ),
	NSYMBOL (         SYS_gpio_pin_interrupt_configure,               wazi_syscall_gpio_pin_interrupt_configure,     "(iii)i" ),
	NSYMBOL (             SYS_gpio_port_clear_bits_raw,                   wazi_syscall_gpio_port_clear_bits_raw,      "(ii)i" ),
	NSYMBOL (              SYS_gpio_port_get_direction,                    wazi_syscall_gpio_port_get_direction,    "(iiii)i" ),
	NSYMBOL (                    SYS_gpio_port_get_raw,                          wazi_syscall_gpio_port_get_raw,      "(ii)i" ),
	NSYMBOL (               SYS_gpio_port_set_bits_raw,                     wazi_syscall_gpio_port_set_bits_raw,      "(ii)i" ),
	NSYMBOL (             SYS_gpio_port_set_masked_raw,                   wazi_syscall_gpio_port_set_masked_raw,     "(iii)i" ),
	NSYMBOL (                SYS_gpio_port_toggle_bits,                      wazi_syscall_gpio_port_toggle_bits,      "(ii)i" ),
	NSYMBOL (             SYS_hwinfo_clear_reset_cause,                   wazi_syscall_hwinfo_clear_reset_cause,        "()i" ),
	NSYMBOL (                 SYS_hwinfo_get_device_id,                       wazi_syscall_hwinfo_get_device_id,      "(ii)i" ),
	NSYMBOL (               SYS_hwinfo_get_reset_cause,                     wazi_syscall_hwinfo_get_reset_cause,       "(i)i" ),
	NSYMBOL (     SYS_hwinfo_get_supported_reset_cause,           wazi_syscall_hwinfo_get_supported_reset_cause,       "(i)i" ),
	NSYMBOL (                SYS_hwspinlock_get_max_id,                      wazi_syscall_hwspinlock_get_max_id,       "(i)i" ),
	NSYMBOL (                      SYS_hwspinlock_lock,                            wazi_syscall_hwspinlock_lock,       "(ii)" ),
	NSYMBOL (                   SYS_hwspinlock_trylock,                         wazi_syscall_hwspinlock_trylock,      "(ii)i" ),
	NSYMBOL (                    SYS_hwspinlock_unlock,                          wazi_syscall_hwspinlock_unlock,       "(ii)" ),
	NSYMBOL (                        SYS_i2c_configure,                              wazi_syscall_i2c_configure,      "(ii)i" ),
	NSYMBOL (                       SYS_i2c_get_config,                             wazi_syscall_i2c_get_config,      "(ii)i" ),
	NSYMBOL (                      SYS_i2c_recover_bus,                            wazi_syscall_i2c_recover_bus,       "(i)i" ),
	NSYMBOL (           SYS_i2c_target_driver_register,                 wazi_syscall_i2c_target_driver_register,       "(i)i" ),
	NSYMBOL (         SYS_i2c_target_driver_unregister,               wazi_syscall_i2c_target_driver_unregister,       "(i)i" ),
	NSYMBOL (                         SYS_i2c_transfer,                               wazi_syscall_i2c_transfer,    "(iiii)i" ),
	NSYMBOL (                         SYS_i2s_buf_read,                               wazi_syscall_i2s_buf_read,     "(iii)i" ),
	NSYMBOL (                        SYS_i2s_buf_write,                              wazi_syscall_i2s_buf_write,     "(iii)i" ),
	NSYMBOL (                        SYS_i2s_configure,                              wazi_syscall_i2s_configure,     "(iii)i" ),
	NSYMBOL (                          SYS_i2s_trigger,                                wazi_syscall_i2s_trigger,     "(iii)i" ),
	NSYMBOL (                           SYS_i3c_do_ccc,                                 wazi_syscall_i3c_do_ccc,      "(ii)i" ),
	NSYMBOL (                         SYS_i3c_transfer,                               wazi_syscall_i3c_transfer,     "(iii)i" ),
	NSYMBOL (                         SYS_ipm_complete,                               wazi_syscall_ipm_complete,        "(i)" ),
	NSYMBOL (                SYS_ipm_max_data_size_get,                      wazi_syscall_ipm_max_data_size_get,       "(i)i" ),
	NSYMBOL (                   SYS_ipm_max_id_val_get,                         wazi_syscall_ipm_max_id_val_get,       "(i)i" ),
	NSYMBOL (                             SYS_ipm_send,                                   wazi_syscall_ipm_send,   "(iiiii)i" ),
	NSYMBOL (                      SYS_ipm_set_enabled,                            wazi_syscall_ipm_set_enabled,      "(ii)i" ),
	NSYMBOL (            SYS_ivshmem_enable_interrupts,                  wazi_syscall_ivshmem_enable_interrupts,      "(ii)i" ),
	NSYMBOL (                       SYS_ivshmem_get_id,                             wazi_syscall_ivshmem_get_id,       "(i)i" ),
	NSYMBOL (                SYS_ivshmem_get_max_peers,                      wazi_syscall_ivshmem_get_max_peers,       "(i)i" ),
	NSYMBOL (                      SYS_ivshmem_get_mem,                            wazi_syscall_ivshmem_get_mem,      "(ii)i" ),
	NSYMBOL (       SYS_ivshmem_get_output_mem_section,             wazi_syscall_ivshmem_get_output_mem_section,     "(iii)i" ),
	NSYMBOL (                 SYS_ivshmem_get_protocol,                       wazi_syscall_ivshmem_get_protocol,       "(i)i" ),
	NSYMBOL (           SYS_ivshmem_get_rw_mem_section,                 wazi_syscall_ivshmem_get_rw_mem_section,      "(ii)i" ),
	NSYMBOL (                    SYS_ivshmem_get_state,                          wazi_syscall_ivshmem_get_state,      "(ii)i" ),
	NSYMBOL (                  SYS_ivshmem_get_vectors,                        wazi_syscall_ivshmem_get_vectors,       "(i)i" ),
	NSYMBOL (                     SYS_ivshmem_int_peer,                           wazi_syscall_ivshmem_int_peer,     "(iii)i" ),
	NSYMBOL (             SYS_ivshmem_register_handler,                   wazi_syscall_ivshmem_register_handler,     "(iii)i" ),
	NSYMBOL (                    SYS_ivshmem_set_state,                          wazi_syscall_ivshmem_set_state,      "(ii)i" ),
	NSYMBOL (                         SYS_kscan_config,                               wazi_syscall_kscan_config,      "(ii)i" ),
	NSYMBOL (               SYS_kscan_disable_callback,                     wazi_syscall_kscan_disable_callback,       "(i)i" ),
	NSYMBOL (                SYS_kscan_enable_callback,                      wazi_syscall_kscan_enable_callback,       "(i)i" ),
	NSYMBOL (                          SYS_k_busy_wait,                                wazi_syscall_k_busy_wait,        "(i)" ),
	NSYMBOL (                  SYS_k_condvar_broadcast,                        wazi_syscall_k_condvar_broadcast,       "(i)i" ),
	NSYMBOL (                       SYS_k_condvar_init,                             wazi_syscall_k_condvar_init,       "(i)i" ),
	NSYMBOL (                     SYS_k_condvar_signal,                           wazi_syscall_k_condvar_signal,       "(i)i" ),
	NSYMBOL (                       SYS_k_condvar_wait,                             wazi_syscall_k_condvar_wait,     "(iii)i" ),
	NSYMBOL (                        SYS_k_event_clear,                              wazi_syscall_k_event_clear,      "(ii)i" ),
	NSYMBOL (                         SYS_k_event_init,                               wazi_syscall_k_event_init,        "(i)" ),
	NSYMBOL (                         SYS_k_event_post,                               wazi_syscall_k_event_post,      "(ii)i" ),
	NSYMBOL (                          SYS_k_event_set,                                wazi_syscall_k_event_set,      "(ii)i" ),
	NSYMBOL (                   SYS_k_event_set_masked,                         wazi_syscall_k_event_set_masked,     "(iii)i" ),
	NSYMBOL (                         SYS_k_event_wait,                               wazi_syscall_k_event_wait,    "(iiii)i" ),
	NSYMBOL (                     SYS_k_event_wait_all,                           wazi_syscall_k_event_wait_all,    "(iiii)i" ),
	NSYMBOL (                      SYS_k_float_disable,                            wazi_syscall_k_float_disable,       "(i)i" ),
	NSYMBOL (                       SYS_k_float_enable,                             wazi_syscall_k_float_enable,      "(ii)i" ),
	NSYMBOL (                         SYS_k_futex_wait,                               wazi_syscall_k_futex_wait,     "(iii)i" ),
	NSYMBOL (                         SYS_k_futex_wake,                               wazi_syscall_k_futex_wake,      "(ii)i" ),
	NSYMBOL (                  SYS_k_is_preempt_thread,                        wazi_syscall_k_is_preempt_thread,        "()i" ),
	NSYMBOL ( SYS_k_mem_paging_histogram_backing_store_page_in_get, wazi_syscall_k_mem_paging_histogram_backing_store_page_in_get,        "(i)" ),
	NSYMBOL ( SYS_k_mem_paging_histogram_backing_store_page_out_get, wazi_syscall_k_mem_paging_histogram_backing_store_page_out_get,        "(i)" ),
	NSYMBOL (  SYS_k_mem_paging_histogram_eviction_get,        wazi_syscall_k_mem_paging_histogram_eviction_get,        "(i)" ),
	NSYMBOL (               SYS_k_mem_paging_stats_get,                     wazi_syscall_k_mem_paging_stats_get,        "(i)" ),
	NSYMBOL (        SYS_k_mem_paging_thread_stats_get,              wazi_syscall_k_mem_paging_thread_stats_get,       "(ii)" ),
	NSYMBOL (                    SYS_k_msgq_alloc_init,                          wazi_syscall_k_msgq_alloc_init,     "(iii)i" ),
	NSYMBOL (                           SYS_k_msgq_get,                                 wazi_syscall_k_msgq_get,     "(iii)i" ),
	NSYMBOL (                     SYS_k_msgq_get_attrs,                           wazi_syscall_k_msgq_get_attrs,       "(ii)" ),
	NSYMBOL (                  SYS_k_msgq_num_free_get,                        wazi_syscall_k_msgq_num_free_get,       "(i)i" ),
	NSYMBOL (                  SYS_k_msgq_num_used_get,                        wazi_syscall_k_msgq_num_used_get,       "(i)i" ),
	NSYMBOL (                          SYS_k_msgq_peek,                                wazi_syscall_k_msgq_peek,      "(ii)i" ),
	NSYMBOL (                       SYS_k_msgq_peek_at,                             wazi_syscall_k_msgq_peek_at,     "(iii)i" ),
	NSYMBOL (                         SYS_k_msgq_purge,                               wazi_syscall_k_msgq_purge,        "(i)" ),
	NSYMBOL (                           SYS_k_msgq_put,                                 wazi_syscall_k_msgq_put,     "(iii)i" ),
	NSYMBOL (                         SYS_k_mutex_init,                               wazi_syscall_k_mutex_init,       "(i)i" ),
	NSYMBOL (                         SYS_k_mutex_lock,                               wazi_syscall_k_mutex_lock,      "(ii)i" ),
	NSYMBOL (                       SYS_k_mutex_unlock,                             wazi_syscall_k_mutex_unlock,       "(i)i" ),
	NSYMBOL (                SYS_k_object_access_grant,                      wazi_syscall_k_object_access_grant,       "(ii)" ),
	NSYMBOL (                       SYS_k_object_alloc,                             wazi_syscall_k_object_alloc,       "(i)i" ),
	NSYMBOL (                  SYS_k_object_alloc_size,                        wazi_syscall_k_object_alloc_size,      "(ii)i" ),
	NSYMBOL (                     SYS_k_object_release,                           wazi_syscall_k_object_release,        "(i)" ),
	NSYMBOL (                    SYS_k_pipe_alloc_init,                          wazi_syscall_k_pipe_alloc_init,      "(ii)i" ),
	NSYMBOL (                  SYS_k_pipe_buffer_flush,                        wazi_syscall_k_pipe_buffer_flush,        "(i)" ),
	NSYMBOL (                         SYS_k_pipe_flush,                               wazi_syscall_k_pipe_flush,        "(i)" ),
	NSYMBOL (                           SYS_k_pipe_get,                                 wazi_syscall_k_pipe_get,  "(iiiiii)i" ),
	NSYMBOL (                           SYS_k_pipe_put,                                 wazi_syscall_k_pipe_put,  "(iiiiii)i" ),
	NSYMBOL (                    SYS_k_pipe_read_avail,                          wazi_syscall_k_pipe_read_avail,       "(i)i" ),
	NSYMBOL (                   SYS_k_pipe_write_avail,                         wazi_syscall_k_pipe_write_avail,       "(i)i" ),
	NSYMBOL (                               SYS_k_poll,                                     wazi_syscall_k_poll,     "(iii)i" ),
	NSYMBOL (                  SYS_k_poll_signal_check,                        wazi_syscall_k_poll_signal_check,      "(iii)" ),
	NSYMBOL (                   SYS_k_poll_signal_init,                         wazi_syscall_k_poll_signal_init,        "(i)" ),
	NSYMBOL (                  SYS_k_poll_signal_raise,                        wazi_syscall_k_poll_signal_raise,      "(ii)i" ),
	NSYMBOL (                  SYS_k_poll_signal_reset,                        wazi_syscall_k_poll_signal_reset,        "(i)" ),
	NSYMBOL (                 SYS_k_queue_alloc_append,                       wazi_syscall_k_queue_alloc_append,      "(ii)i" ),
	NSYMBOL (                SYS_k_queue_alloc_prepend,                      wazi_syscall_k_queue_alloc_prepend,      "(ii)i" ),
	NSYMBOL (                  SYS_k_queue_cancel_wait,                        wazi_syscall_k_queue_cancel_wait,        "(i)" ),
	NSYMBOL (                          SYS_k_queue_get,                                wazi_syscall_k_queue_get,      "(ii)i" ),
	NSYMBOL (                         SYS_k_queue_init,                               wazi_syscall_k_queue_init,        "(i)" ),
	NSYMBOL (                     SYS_k_queue_is_empty,                           wazi_syscall_k_queue_is_empty,       "(i)i" ),
	NSYMBOL (                    SYS_k_queue_peek_head,                          wazi_syscall_k_queue_peek_head,       "(i)i" ),
	NSYMBOL (                    SYS_k_queue_peek_tail,                          wazi_syscall_k_queue_peek_tail,       "(i)i" ),
	NSYMBOL (         SYS_k_sched_current_thread_query,               wazi_syscall_k_sched_current_thread_query,        "()i" ),
	NSYMBOL (                      SYS_k_sem_count_get,                            wazi_syscall_k_sem_count_get,       "(i)i" ),
	NSYMBOL (                           SYS_k_sem_give,                                 wazi_syscall_k_sem_give,        "(i)" ),
	NSYMBOL (                           SYS_k_sem_init,                                 wazi_syscall_k_sem_init,     "(iii)i" ),
	NSYMBOL (                          SYS_k_sem_reset,                                wazi_syscall_k_sem_reset,        "(i)" ),
	NSYMBOL (                           SYS_k_sem_take,                                 wazi_syscall_k_sem_take,      "(ii)i" ),
	NSYMBOL (                              SYS_k_sleep,                                    wazi_syscall_k_sleep,       "(i)i" ),
	NSYMBOL (                   SYS_k_stack_alloc_init,                         wazi_syscall_k_stack_alloc_init,      "(ii)i" ),
	NSYMBOL (                          SYS_k_stack_pop,                                wazi_syscall_k_stack_pop,     "(iii)i" ),
	NSYMBOL (                         SYS_k_stack_push,                               wazi_syscall_k_stack_push,      "(ii)i" ),
	NSYMBOL (                            SYS_k_str_out,                                  wazi_syscall_k_str_out,       "(ii)" ),
	NSYMBOL (                       SYS_k_thread_abort,                             wazi_syscall_k_thread_abort,        "(i)" ),
	NSYMBOL (                      SYS_k_thread_create,                            wazi_syscall_k_thread_create, "(iiiiiiiiii)i" ),
	NSYMBOL (             SYS_k_thread_custom_data_get,                   wazi_syscall_k_thread_custom_data_get,        "()i" ),
	NSYMBOL (             SYS_k_thread_custom_data_set,                   wazi_syscall_k_thread_custom_data_set,        "(i)" ),
	NSYMBOL (                SYS_k_thread_deadline_set,                      wazi_syscall_k_thread_deadline_set,       "(ii)" ),
	NSYMBOL (                        SYS_k_thread_join,                              wazi_syscall_k_thread_join,      "(ii)i" ),
	NSYMBOL (                   SYS_k_thread_name_copy,                         wazi_syscall_k_thread_name_copy,     "(iii)i" ),
	NSYMBOL (                    SYS_k_thread_name_set,                          wazi_syscall_k_thread_name_set,      "(ii)i" ),
	NSYMBOL (                SYS_k_thread_priority_get,                      wazi_syscall_k_thread_priority_get,       "(i)i" ),
	NSYMBOL (                SYS_k_thread_priority_set,                      wazi_syscall_k_thread_priority_set,       "(ii)" ),
	NSYMBOL (                      SYS_k_thread_resume,                            wazi_syscall_k_thread_resume,        "(i)" ),
	NSYMBOL (                 SYS_k_thread_stack_alloc,                       wazi_syscall_k_thread_stack_alloc,      "(ii)i" ),
	NSYMBOL (                  SYS_k_thread_stack_free,                        wazi_syscall_k_thread_stack_free,       "(i)i" ),
	NSYMBOL (             SYS_k_thread_stack_space_get,                   wazi_syscall_k_thread_stack_space_get,      "(ii)i" ),
	NSYMBOL (                       SYS_k_thread_start,                             wazi_syscall_k_thread_start,        "(i)" ),
	NSYMBOL (                     SYS_k_thread_suspend,                           wazi_syscall_k_thread_suspend,        "(i)" ),
	NSYMBOL (       SYS_k_thread_timeout_expires_ticks,             wazi_syscall_k_thread_timeout_expires_ticks,       "(i)i" ),
	NSYMBOL (     SYS_k_thread_timeout_remaining_ticks,           wazi_syscall_k_thread_timeout_remaining_ticks,       "(i)i" ),
	NSYMBOL (                SYS_k_timer_expires_ticks,                      wazi_syscall_k_timer_expires_ticks,       "(i)i" ),
	NSYMBOL (              SYS_k_timer_remaining_ticks,                    wazi_syscall_k_timer_remaining_ticks,       "(i)i" ),
	NSYMBOL (                        SYS_k_timer_start,                              wazi_syscall_k_timer_start,      "(iii)" ),
	NSYMBOL (                   SYS_k_timer_status_get,                         wazi_syscall_k_timer_status_get,       "(i)i" ),
	NSYMBOL (                  SYS_k_timer_status_sync,                        wazi_syscall_k_timer_status_sync,       "(i)i" ),
	NSYMBOL (                         SYS_k_timer_stop,                               wazi_syscall_k_timer_stop,        "(i)" ),
	NSYMBOL (                SYS_k_timer_user_data_get,                      wazi_syscall_k_timer_user_data_get,       "(i)i" ),
	NSYMBOL (                SYS_k_timer_user_data_set,                      wazi_syscall_k_timer_user_data_set,       "(ii)" ),
	NSYMBOL (                       SYS_k_uptime_ticks,                             wazi_syscall_k_uptime_ticks,        "()I" ),
	NSYMBOL (                             SYS_k_usleep,                                   wazi_syscall_k_usleep,       "(i)i" ),
	NSYMBOL (                             SYS_k_wakeup,                                   wazi_syscall_k_wakeup,        "(i)" ),
	NSYMBOL (                              SYS_k_yield,                                    wazi_syscall_k_yield,         "()" ),
	NSYMBOL (                            SYS_led_blink,                                  wazi_syscall_led_blink,    "(iiii)i" ),
	NSYMBOL (                         SYS_led_get_info,                               wazi_syscall_led_get_info,     "(iii)i" ),
	NSYMBOL (                              SYS_led_off,                                    wazi_syscall_led_off,      "(ii)i" ),
	NSYMBOL (                               SYS_led_on,                                     wazi_syscall_led_on,      "(ii)i" ),
	NSYMBOL (                   SYS_led_set_brightness,                         wazi_syscall_led_set_brightness,     "(iii)i" ),
	NSYMBOL (                      SYS_led_set_channel,                            wazi_syscall_led_set_channel,     "(iii)i" ),
	NSYMBOL (                        SYS_led_set_color,                              wazi_syscall_led_set_color,    "(iiii)i" ),
	NSYMBOL (                   SYS_led_write_channels,                         wazi_syscall_led_write_channels,    "(iiii)i" ),
	NSYMBOL (                     SYS_log_buffered_cnt,                           wazi_syscall_log_buffered_cnt,        "()i" ),
	NSYMBOL (                       SYS_log_filter_set,                             wazi_syscall_log_filter_set,    "(iiii)i" ),
	NSYMBOL (              SYS_log_frontend_filter_set,                    wazi_syscall_log_frontend_filter_set,      "(ii)i" ),
	NSYMBOL (                            SYS_log_panic,                                  wazi_syscall_log_panic,         "()" ),
	NSYMBOL (                          SYS_log_process,                                wazi_syscall_log_process,        "()i" ),
	NSYMBOL (           SYS_maxim_ds3231_get_syncpoint,                 wazi_syscall_maxim_ds3231_get_syncpoint,      "(ii)i" ),
	NSYMBOL (           SYS_maxim_ds3231_req_syncpoint,                 wazi_syscall_maxim_ds3231_req_syncpoint,      "(ii)i" ),
	NSYMBOL (                SYS_mbox_max_channels_get,                      wazi_syscall_mbox_max_channels_get,       "(i)i" ),
	NSYMBOL (                         SYS_mbox_mtu_get,                               wazi_syscall_mbox_mtu_get,       "(i)i" ),
	NSYMBOL (                            SYS_mbox_send,                                  wazi_syscall_mbox_send,      "(ii)i" ),
	NSYMBOL (                     SYS_mbox_set_enabled,                           wazi_syscall_mbox_set_enabled,      "(ii)i" ),
	NSYMBOL (                     SYS_mdio_bus_disable,                           wazi_syscall_mdio_bus_disable,        "(i)" ),
	NSYMBOL (                      SYS_mdio_bus_enable,                            wazi_syscall_mdio_bus_enable,        "(i)" ),
	NSYMBOL (                            SYS_mdio_read,                                  wazi_syscall_mdio_read,    "(iiii)i" ),
	NSYMBOL (                        SYS_mdio_read_c45,                              wazi_syscall_mdio_read_c45,   "(iiiii)i" ),
	NSYMBOL (                           SYS_mdio_write,                                 wazi_syscall_mdio_write,    "(iiii)i" ),
	NSYMBOL (                       SYS_mdio_write_c45,                             wazi_syscall_mdio_write_c45,   "(iiiii)i" ),
	NSYMBOL (                        SYS_net_addr_ntop,                              wazi_syscall_net_addr_ntop,    "(iiii)i" ),
	NSYMBOL (                        SYS_net_addr_pton,                              wazi_syscall_net_addr_pton,     "(iii)i" ),
	NSYMBOL (       SYS_net_eth_get_ptp_clock_by_index,             wazi_syscall_net_eth_get_ptp_clock_by_index,       "(i)i" ),
	NSYMBOL (                  SYS_net_if_get_by_index,                        wazi_syscall_net_if_get_by_index,       "(i)i" ),
	NSYMBOL (        SYS_net_if_ipv4_addr_add_by_index,              wazi_syscall_net_if_ipv4_addr_add_by_index,    "(iiii)i" ),
	NSYMBOL (     SYS_net_if_ipv4_addr_lookup_by_index,           wazi_syscall_net_if_ipv4_addr_lookup_by_index,       "(i)i" ),
	NSYMBOL (         SYS_net_if_ipv4_addr_rm_by_index,               wazi_syscall_net_if_ipv4_addr_rm_by_index,      "(ii)i" ),
	NSYMBOL (          SYS_net_if_ipv4_set_gw_by_index,                wazi_syscall_net_if_ipv4_set_gw_by_index,      "(ii)i" ),
	NSYMBOL (     SYS_net_if_ipv4_set_netmask_by_index,           wazi_syscall_net_if_ipv4_set_netmask_by_index,      "(ii)i" ),
	NSYMBOL (        SYS_net_if_ipv6_addr_add_by_index,              wazi_syscall_net_if_ipv6_addr_add_by_index,    "(iiii)i" ),
	NSYMBOL (     SYS_net_if_ipv6_addr_lookup_by_index,           wazi_syscall_net_if_ipv6_addr_lookup_by_index,       "(i)i" ),
	NSYMBOL (         SYS_net_if_ipv6_addr_rm_by_index,               wazi_syscall_net_if_ipv6_addr_rm_by_index,      "(ii)i" ),
	NSYMBOL (          SYS_net_socket_service_register,                wazi_syscall_net_socket_service_register,    "(iiii)i" ),
	NSYMBOL (              SYS_nrf_qspi_nor_xip_enable,                    wazi_syscall_nrf_qspi_nor_xip_enable,       "(ii)" ),
	NSYMBOL (                          SYS_peci_config,                                wazi_syscall_peci_config,      "(ii)i" ),
	NSYMBOL (                         SYS_peci_disable,                               wazi_syscall_peci_disable,       "(i)i" ),
	NSYMBOL (                          SYS_peci_enable,                                wazi_syscall_peci_enable,       "(i)i" ),
	NSYMBOL (                        SYS_peci_transfer,                              wazi_syscall_peci_transfer,      "(ii)i" ),
	NSYMBOL (                           SYS_ps2_config,                                 wazi_syscall_ps2_config,      "(ii)i" ),
	NSYMBOL (                 SYS_ps2_disable_callback,                       wazi_syscall_ps2_disable_callback,       "(i)i" ),
	NSYMBOL (                  SYS_ps2_enable_callback,                        wazi_syscall_ps2_enable_callback,       "(i)i" ),
	NSYMBOL (                             SYS_ps2_read,                                   wazi_syscall_ps2_read,      "(ii)i" ),
	NSYMBOL (                            SYS_ps2_write,                                  wazi_syscall_ps2_write,      "(ii)i" ),
	NSYMBOL (                        SYS_ptp_clock_get,                              wazi_syscall_ptp_clock_get,      "(ii)i" ),
	NSYMBOL (                   SYS_pwm_capture_cycles,                         wazi_syscall_pwm_capture_cycles,  "(iiiiii)i" ),
	NSYMBOL (                  SYS_pwm_disable_capture,                        wazi_syscall_pwm_disable_capture,      "(ii)i" ),
	NSYMBOL (                   SYS_pwm_enable_capture,                         wazi_syscall_pwm_enable_capture,      "(ii)i" ),
	NSYMBOL (               SYS_pwm_get_cycles_per_sec,                     wazi_syscall_pwm_get_cycles_per_sec,     "(iii)i" ),
	NSYMBOL (                       SYS_pwm_set_cycles,                             wazi_syscall_pwm_set_cycles,   "(iiiii)i" ),
	NSYMBOL (                    SYS_reset_line_assert,                          wazi_syscall_reset_line_assert,      "(ii)i" ),
	NSYMBOL (                  SYS_reset_line_deassert,                        wazi_syscall_reset_line_deassert,      "(ii)i" ),
	NSYMBOL (                    SYS_reset_line_toggle,                          wazi_syscall_reset_line_toggle,      "(ii)i" ),
	NSYMBOL (                         SYS_reset_status,                               wazi_syscall_reset_status,     "(iii)i" ),
	NSYMBOL (                   SYS_retained_mem_clear,                         wazi_syscall_retained_mem_clear,       "(i)i" ),
	NSYMBOL (                    SYS_retained_mem_read,                          wazi_syscall_retained_mem_read,    "(iiii)i" ),
	NSYMBOL (                    SYS_retained_mem_size,                          wazi_syscall_retained_mem_size,       "(i)i" ),
	NSYMBOL (                   SYS_retained_mem_write,                         wazi_syscall_retained_mem_write,    "(iiii)i" ),
	NSYMBOL (       SYS_rtc_alarm_get_supported_fields,             wazi_syscall_rtc_alarm_get_supported_fields,     "(iii)i" ),
	NSYMBOL (                   SYS_rtc_alarm_get_time,                         wazi_syscall_rtc_alarm_get_time,    "(iiii)i" ),
	NSYMBOL (                 SYS_rtc_alarm_is_pending,                       wazi_syscall_rtc_alarm_is_pending,      "(ii)i" ),
	NSYMBOL (               SYS_rtc_alarm_set_callback,                     wazi_syscall_rtc_alarm_set_callback,    "(iiii)i" ),
	NSYMBOL (                   SYS_rtc_alarm_set_time,                         wazi_syscall_rtc_alarm_set_time,    "(iiii)i" ),
	NSYMBOL (                  SYS_rtc_get_calibration,                        wazi_syscall_rtc_get_calibration,      "(ii)i" ),
	NSYMBOL (                         SYS_rtc_get_time,                               wazi_syscall_rtc_get_time,      "(ii)i" ),
	NSYMBOL (                  SYS_rtc_set_calibration,                        wazi_syscall_rtc_set_calibration,      "(ii)i" ),
	NSYMBOL (                         SYS_rtc_set_time,                               wazi_syscall_rtc_set_time,      "(ii)i" ),
	NSYMBOL (              SYS_rtc_update_set_callback,                    wazi_syscall_rtc_update_set_callback,     "(iii)i" ),
	NSYMBOL (                    SYS_rtio_cqe_copy_out,                          wazi_syscall_rtio_cqe_copy_out,    "(iiii)i" ),
	NSYMBOL (          SYS_rtio_cqe_get_mempool_buffer,                wazi_syscall_rtio_cqe_get_mempool_buffer,    "(iiii)i" ),
	NSYMBOL (                  SYS_rtio_release_buffer,                        wazi_syscall_rtio_release_buffer,      "(iii)" ),
	NSYMBOL (                      SYS_rtio_sqe_cancel,                            wazi_syscall_rtio_sqe_cancel,       "(i)i" ),
	NSYMBOL (         SYS_rtio_sqe_copy_in_get_handles,               wazi_syscall_rtio_sqe_copy_in_get_handles,    "(iiii)i" ),
	NSYMBOL (                          SYS_rtio_submit,                                wazi_syscall_rtio_submit,      "(ii)i" ),
	NSYMBOL (                       SYS_sdhc_card_busy,                             wazi_syscall_sdhc_card_busy,       "(i)i" ),
	NSYMBOL (                    SYS_sdhc_card_present,                          wazi_syscall_sdhc_card_present,       "(i)i" ),
	NSYMBOL (               SYS_sdhc_disable_interrupt,                     wazi_syscall_sdhc_disable_interrupt,      "(ii)i" ),
	NSYMBOL (                SYS_sdhc_enable_interrupt,                      wazi_syscall_sdhc_enable_interrupt,    "(iiii)i" ),
	NSYMBOL (                  SYS_sdhc_execute_tuning,                        wazi_syscall_sdhc_execute_tuning,       "(i)i" ),
	NSYMBOL (                  SYS_sdhc_get_host_props,                        wazi_syscall_sdhc_get_host_props,      "(ii)i" ),
	NSYMBOL (                        SYS_sdhc_hw_reset,                              wazi_syscall_sdhc_hw_reset,       "(i)i" ),
	NSYMBOL (                         SYS_sdhc_request,                               wazi_syscall_sdhc_request,     "(iii)i" ),
	NSYMBOL (                          SYS_sdhc_set_io,                                wazi_syscall_sdhc_set_io,      "(ii)i" ),
	NSYMBOL (                      SYS_sensor_attr_get,                            wazi_syscall_sensor_attr_get,    "(iiii)i" ),
	NSYMBOL (                      SYS_sensor_attr_set,                            wazi_syscall_sensor_attr_set,    "(iiii)i" ),
	NSYMBOL (                   SYS_sensor_channel_get,                         wazi_syscall_sensor_channel_get,     "(iii)i" ),
	NSYMBOL (                   SYS_sensor_get_decoder,                         wazi_syscall_sensor_get_decoder,      "(ii)i" ),
	NSYMBOL (        SYS_sensor_reconfigure_read_iodev,              wazi_syscall_sensor_reconfigure_read_iodev,    "(iiii)i" ),
	NSYMBOL (                  SYS_sensor_sample_fetch,                        wazi_syscall_sensor_sample_fetch,       "(i)i" ),
	NSYMBOL (             SYS_sensor_sample_fetch_chan,                   wazi_syscall_sensor_sample_fetch_chan,      "(ii)i" ),
	NSYMBOL (                 SYS_sip_supervisory_call,                       wazi_syscall_sip_supervisory_call, "(iiiiiiiiii)" ),
	NSYMBOL (           SYS_sip_svc_plat_async_res_req,                 wazi_syscall_sip_svc_plat_async_res_req, "(iiiiiiiiiii)i" ),
	NSYMBOL (           SYS_sip_svc_plat_async_res_res,                 wazi_syscall_sip_svc_plat_async_res_res,   "(iiiii)i" ),
	NSYMBOL (         SYS_sip_svc_plat_format_trans_id,               wazi_syscall_sip_svc_plat_format_trans_id,     "(iii)i" ),
	NSYMBOL (       SYS_sip_svc_plat_free_async_memory,             wazi_syscall_sip_svc_plat_free_async_memory,       "(ii)" ),
	NSYMBOL (           SYS_sip_svc_plat_func_id_valid,                 wazi_syscall_sip_svc_plat_func_id_valid,     "(iii)i" ),
	NSYMBOL (          SYS_sip_svc_plat_get_error_code,                wazi_syscall_sip_svc_plat_get_error_code,      "(ii)i" ),
	NSYMBOL (           SYS_sip_svc_plat_get_trans_idx,                 wazi_syscall_sip_svc_plat_get_trans_idx,      "(ii)i" ),
	NSYMBOL (         SYS_sip_svc_plat_update_trans_id,               wazi_syscall_sip_svc_plat_update_trans_id,      "(iii)" ),
	NSYMBOL (                    SYS_smbus_block_pcall,                          wazi_syscall_smbus_block_pcall, "(iiiiiii)i" ),
	NSYMBOL (                     SYS_smbus_block_read,                           wazi_syscall_smbus_block_read,   "(iiiii)i" ),
	NSYMBOL (                    SYS_smbus_block_write,                          wazi_syscall_smbus_block_write,   "(iiiii)i" ),
	NSYMBOL (                 SYS_smbus_byte_data_read,                       wazi_syscall_smbus_byte_data_read,    "(iiii)i" ),
	NSYMBOL (                SYS_smbus_byte_data_write,                      wazi_syscall_smbus_byte_data_write,    "(iiii)i" ),
	NSYMBOL (                      SYS_smbus_byte_read,                            wazi_syscall_smbus_byte_read,     "(iii)i" ),
	NSYMBOL (                     SYS_smbus_byte_write,                           wazi_syscall_smbus_byte_write,     "(iii)i" ),
	NSYMBOL (                      SYS_smbus_configure,                            wazi_syscall_smbus_configure,      "(ii)i" ),
	NSYMBOL (                     SYS_smbus_get_config,                           wazi_syscall_smbus_get_config,      "(ii)i" ),
	NSYMBOL (          SYS_smbus_host_notify_remove_cb,                wazi_syscall_smbus_host_notify_remove_cb,      "(ii)i" ),
	NSYMBOL (                          SYS_smbus_pcall,                                wazi_syscall_smbus_pcall,   "(iiiii)i" ),
	NSYMBOL (                          SYS_smbus_quick,                                wazi_syscall_smbus_quick,     "(iii)i" ),
	NSYMBOL (             SYS_smbus_smbalert_remove_cb,                   wazi_syscall_smbus_smbalert_remove_cb,      "(ii)i" ),
	NSYMBOL (                 SYS_smbus_word_data_read,                       wazi_syscall_smbus_word_data_read,    "(iiii)i" ),
	NSYMBOL (                SYS_smbus_word_data_write,                      wazi_syscall_smbus_word_data_write,    "(iiii)i" ),
	NSYMBOL (                          SYS_spi_release,                                wazi_syscall_spi_release,      "(ii)i" ),
	NSYMBOL (                       SYS_spi_transceive,                             wazi_syscall_spi_transceive,    "(iiii)i" ),
	NSYMBOL (                      SYS_syscon_get_base,                            wazi_syscall_syscon_get_base,      "(ii)i" ),
	NSYMBOL (                      SYS_syscon_get_size,                            wazi_syscall_syscon_get_size,      "(ii)i" ),
	NSYMBOL (                      SYS_syscon_read_reg,                            wazi_syscall_syscon_read_reg,     "(iii)i" ),
	NSYMBOL (                     SYS_syscon_write_reg,                           wazi_syscall_syscon_write_reg,     "(iii)i" ),
	NSYMBOL (  SYS_sys_cache_data_flush_and_invd_range,        wazi_syscall_sys_cache_data_flush_and_invd_range,      "(ii)i" ),
	NSYMBOL (           SYS_sys_cache_data_flush_range,                 wazi_syscall_sys_cache_data_flush_range,      "(ii)i" ),
	NSYMBOL (            SYS_sys_cache_data_invd_range,                  wazi_syscall_sys_cache_data_invd_range,      "(ii)i" ),
	NSYMBOL ( SYS_sys_clock_hw_cycles_per_sec_runtime_get,    wazi_syscall_sys_clock_hw_cycles_per_sec_runtime_get,        "()i" ),
	NSYMBOL (                       SYS_sys_csrand_get,                             wazi_syscall_sys_csrand_get,      "(ii)i" ),
	NSYMBOL (                       SYS_sys_rand32_get,                             wazi_syscall_sys_rand32_get,        "()i" ),
	NSYMBOL (                         SYS_sys_rand_get,                               wazi_syscall_sys_rand_get,       "(ii)" ),
	NSYMBOL (       SYS_tgpio_pin_config_ext_timestamp,             wazi_syscall_tgpio_pin_config_ext_timestamp,     "(iii)i" ),
	NSYMBOL (                    SYS_tgpio_pin_disable,                          wazi_syscall_tgpio_pin_disable,      "(ii)i" ),
	NSYMBOL (            SYS_tgpio_pin_periodic_output,                  wazi_syscall_tgpio_pin_periodic_output,   "(iiIIi)i" ),
	NSYMBOL (                 SYS_tgpio_pin_read_ts_ec,                       wazi_syscall_tgpio_pin_read_ts_ec,    "(iiii)i" ),
	NSYMBOL (     SYS_tgpio_port_get_cycles_per_second,           wazi_syscall_tgpio_port_get_cycles_per_second,      "(ii)i" ),
	NSYMBOL (                  SYS_tgpio_port_get_time,                        wazi_syscall_tgpio_port_get_time,      "(ii)i" ),
	NSYMBOL (                       SYS_uart_configure,                             wazi_syscall_uart_configure,      "(ii)i" ),
	NSYMBOL (                      SYS_uart_config_get,                            wazi_syscall_uart_config_get,      "(ii)i" ),
	NSYMBOL (                         SYS_uart_drv_cmd,                               wazi_syscall_uart_drv_cmd,     "(iii)i" ),
	NSYMBOL (                       SYS_uart_err_check,                             wazi_syscall_uart_err_check,       "(i)i" ),
	NSYMBOL (                 SYS_uart_irq_err_disable,                       wazi_syscall_uart_irq_err_disable,        "(i)" ),
	NSYMBOL (                  SYS_uart_irq_err_enable,                        wazi_syscall_uart_irq_err_enable,        "(i)" ),
	NSYMBOL (                  SYS_uart_irq_is_pending,                        wazi_syscall_uart_irq_is_pending,       "(i)i" ),
	NSYMBOL (                  SYS_uart_irq_rx_disable,                        wazi_syscall_uart_irq_rx_disable,        "(i)" ),
	NSYMBOL (                   SYS_uart_irq_rx_enable,                         wazi_syscall_uart_irq_rx_enable,        "(i)" ),
	NSYMBOL (                  SYS_uart_irq_tx_disable,                        wazi_syscall_uart_irq_tx_disable,        "(i)" ),
	NSYMBOL (                   SYS_uart_irq_tx_enable,                         wazi_syscall_uart_irq_tx_enable,        "(i)" ),
	NSYMBOL (                      SYS_uart_irq_update,                            wazi_syscall_uart_irq_update,       "(i)i" ),
	NSYMBOL (                   SYS_uart_line_ctrl_get,                         wazi_syscall_uart_line_ctrl_get,     "(iii)i" ),
	NSYMBOL (                   SYS_uart_line_ctrl_set,                         wazi_syscall_uart_line_ctrl_set,     "(iii)i" ),
	NSYMBOL (                        SYS_uart_mux_find,                              wazi_syscall_uart_mux_find,       "(i)i" ),
	NSYMBOL (                         SYS_uart_poll_in,                               wazi_syscall_uart_poll_in,      "(ii)i" ),
	NSYMBOL (                     SYS_uart_poll_in_u16,                           wazi_syscall_uart_poll_in_u16,      "(ii)i" ),
	NSYMBOL (                        SYS_uart_poll_out,                              wazi_syscall_uart_poll_out,       "(ii)" ),
	NSYMBOL (                    SYS_uart_poll_out_u16,                          wazi_syscall_uart_poll_out_u16,       "(ii)" ),
	NSYMBOL (                      SYS_uart_rx_disable,                            wazi_syscall_uart_rx_disable,       "(i)i" ),
	NSYMBOL (                       SYS_uart_rx_enable,                             wazi_syscall_uart_rx_enable,    "(iiii)i" ),
	NSYMBOL (                   SYS_uart_rx_enable_u16,                         wazi_syscall_uart_rx_enable_u16,    "(iiii)i" ),
	NSYMBOL (                              SYS_uart_tx,                                    wazi_syscall_uart_tx,    "(iiii)i" ),
	NSYMBOL (                        SYS_uart_tx_abort,                              wazi_syscall_uart_tx_abort,       "(i)i" ),
	NSYMBOL (                          SYS_uart_tx_u16,                                wazi_syscall_uart_tx_u16,    "(iiii)i" ),
	NSYMBOL (                SYS_updatehub_autohandler,                      wazi_syscall_updatehub_autohandler,         "()" ),
	NSYMBOL (                    SYS_updatehub_confirm,                          wazi_syscall_updatehub_confirm,        "()i" ),
	NSYMBOL (                      SYS_updatehub_probe,                            wazi_syscall_updatehub_probe,        "()i" ),
	NSYMBOL (                     SYS_updatehub_reboot,                           wazi_syscall_updatehub_reboot,        "()i" ),
	NSYMBOL (                     SYS_updatehub_update,                           wazi_syscall_updatehub_update,        "()i" ),
	NSYMBOL (                           SYS_user_fault,                                 wazi_syscall_user_fault,        "(i)" ),
	NSYMBOL (                   SYS_w1_change_bus_lock,                         wazi_syscall_w1_change_bus_lock,      "(ii)i" ),
	NSYMBOL (                         SYS_w1_configure,                               wazi_syscall_w1_configure,     "(iii)i" ),
	NSYMBOL (                   SYS_w1_get_slave_count,                         wazi_syscall_w1_get_slave_count,       "(i)i" ),
	NSYMBOL (                          SYS_w1_read_bit,                                wazi_syscall_w1_read_bit,       "(i)i" ),
	NSYMBOL (                        SYS_w1_read_block,                              wazi_syscall_w1_read_block,     "(iii)i" ),
	NSYMBOL (                         SYS_w1_read_byte,                               wazi_syscall_w1_read_byte,       "(i)i" ),
	NSYMBOL (                         SYS_w1_reset_bus,                               wazi_syscall_w1_reset_bus,       "(i)i" ),
	NSYMBOL (                        SYS_w1_search_bus,                              wazi_syscall_w1_search_bus,   "(iiiii)i" ),
	NSYMBOL (                         SYS_w1_write_bit,                               wazi_syscall_w1_write_bit,      "(ii)i" ),
	NSYMBOL (                       SYS_w1_write_block,                             wazi_syscall_w1_write_block,     "(iii)i" ),
	NSYMBOL (                        SYS_w1_write_byte,                              wazi_syscall_w1_write_byte,      "(ii)i" ),
	NSYMBOL (                          SYS_wdt_disable,                                wazi_syscall_wdt_disable,       "(i)i" ),
	NSYMBOL (                             SYS_wdt_feed,                                   wazi_syscall_wdt_feed,      "(ii)i" ),
	NSYMBOL (                            SYS_wdt_setup,                                  wazi_syscall_wdt_setup,      "(ii)i" ),
	NSYMBOL (                    SYS_xtensa_user_fault,                          wazi_syscall_xtensa_user_fault,        "(i)" ),
	NSYMBOL (                         SYS_zephyr_fputc,                               wazi_syscall_zephyr_fputc,      "(ii)i" ),
	NSYMBOL (                        SYS_zephyr_fwrite,                              wazi_syscall_zephyr_fwrite,    "(iiii)i" ),
	NSYMBOL (                    SYS_zephyr_read_stdin,                          wazi_syscall_zephyr_read_stdin,      "(ii)i" ),
	NSYMBOL (                  SYS_zephyr_write_stdout,                        wazi_syscall_zephyr_write_stdout,      "(ii)i" ),
	NSYMBOL (                         SYS_zsock_accept,                               wazi_syscall_zsock_accept,     "(iii)i" ),
	NSYMBOL (                           SYS_zsock_bind,                                 wazi_syscall_zsock_bind,     "(iii)i" ),
	NSYMBOL (                          SYS_zsock_close,                                wazi_syscall_zsock_close,       "(i)i" ),
	NSYMBOL (                        SYS_zsock_connect,                              wazi_syscall_zsock_connect,     "(iii)i" ),
	NSYMBOL (                          SYS_zsock_fcntl,                                wazi_syscall_zsock_fcntl,     "(iii)i" ),
	NSYMBOL (                    SYS_zsock_gethostname,                          wazi_syscall_zsock_gethostname,      "(ii)i" ),
	NSYMBOL (                    SYS_zsock_getpeername,                          wazi_syscall_zsock_getpeername,     "(iii)i" ),
	NSYMBOL (                    SYS_zsock_getsockname,                          wazi_syscall_zsock_getsockname,     "(iii)i" ),
	NSYMBOL (                     SYS_zsock_getsockopt,                           wazi_syscall_zsock_getsockopt,   "(iiiii)i" ),
	NSYMBOL (             SYS_zsock_get_context_object,                   wazi_syscall_zsock_get_context_object,       "(i)i" ),
	NSYMBOL (                      SYS_zsock_inet_pton,                            wazi_syscall_zsock_inet_pton,     "(iii)i" ),
	NSYMBOL (                          SYS_zsock_ioctl,                                wazi_syscall_zsock_ioctl,     "(iii)i" ),
	NSYMBOL (                         SYS_zsock_listen,                               wazi_syscall_zsock_listen,      "(ii)i" ),
	NSYMBOL (                           SYS_zsock_poll,                                 wazi_syscall_zsock_poll,     "(iii)i" ),
	NSYMBOL (                       SYS_zsock_recvfrom,                             wazi_syscall_zsock_recvfrom,  "(iiiiii)i" ),
	NSYMBOL (                        SYS_zsock_recvmsg,                              wazi_syscall_zsock_recvmsg,     "(iii)i" ),
	NSYMBOL (                         SYS_zsock_select,                               wazi_syscall_zsock_select,   "(iiiii)i" ),
	NSYMBOL (                        SYS_zsock_sendmsg,                              wazi_syscall_zsock_sendmsg,     "(iii)i" ),
	NSYMBOL (                         SYS_zsock_sendto,                               wazi_syscall_zsock_sendto,  "(iiiiii)i" ),
	NSYMBOL (                     SYS_zsock_setsockopt,                           wazi_syscall_zsock_setsockopt,   "(iiiii)i" ),
	NSYMBOL (                       SYS_zsock_shutdown,                             wazi_syscall_zsock_shutdown,      "(ii)i" ),
	NSYMBOL (                         SYS_zsock_socket,                               wazi_syscall_zsock_socket,     "(iii)i" ),
	NSYMBOL (                     SYS_zsock_socketpair,                           wazi_syscall_zsock_socketpair,    "(iiii)i" ),
	NSYMBOL (                              SYS_z_errno,                                    wazi_syscall_z_errno,        "()i" ),
	NSYMBOL (            SYS_z_log_msg_simple_create_0,                  wazi_syscall_z_log_msg_simple_create_0,      "(iii)" ),
	NSYMBOL (            SYS_z_log_msg_simple_create_1,                  wazi_syscall_z_log_msg_simple_create_1,     "(iiii)" ),
	NSYMBOL (            SYS_z_log_msg_simple_create_2,                  wazi_syscall_z_log_msg_simple_create_2,    "(iiiii)" ),
	NSYMBOL (              SYS_z_log_msg_static_create,                    wazi_syscall_z_log_msg_static_create,     "(iiii)" ),
	NSYMBOL (              SYS_z_sys_mutex_kernel_lock,                    wazi_syscall_z_sys_mutex_kernel_lock,      "(ii)i" ),
	NSYMBOL (            SYS_z_sys_mutex_kernel_unlock,                  wazi_syscall_z_sys_mutex_kernel_unlock,       "(i)i" ),
	NSYMBOL (         SYS_z_zsock_getaddrinfo_internal,               wazi_syscall_z_zsock_getaddrinfo_internal,    "(iiii)i" ),
	NSYMBOL (               SYS___posix_clock_get_base,                     wazi_syscall___posix_clock_get_base,      "(ii)i" ),